<?xml version="1.0" encoding="UTF-8"?>
<!-- Generated by org.testng.reporters.JUnitReportReporter -->
<testsuite hostname="Long-Truong-LT" failures="0" tests="1" name="Parallel02IT" time="25.613" errors="0" timestamp="2021-12-23T13:57:15 PST" skipped="0">
  <testcase classname="Parallel02IT" name="feature" time="25.613"/>
  <system-out/>
</testsuite> <!-- Parallel02IT -->
